2024-11-21 08:05:12 Reading webhook: Array
(
    [id] => 673ee9b84ed32
    [timestamp] => 2024-11-21 08:05:12
    [data] => Array
        (
            [transaction_code] => 
            [amount] => 5000
            [status] => paid
        )

)

2024-11-21 08:05:12 Reading webhook: Array
(
    [id] => 673ee9b84ed32
    [timestamp] => 2024-11-21 08:05:12
    [data] => Array
        (
            [transaction_code] => 
            [amount] => 5000
            [status] => paid
        )

)

2024-11-21 08:05:44 Reading webhook: Array
(
    [id] => 673ee9b84ed32
    [timestamp] => 2024-11-21 08:05:12
    [data] => Array
        (
            [transaction_code] => 
            [amount] => 5000
            [status] => paid
        )

)

2024-11-21 08:05:44 Reading webhook: Array
(
    [id] => 673ee9b84ed32
    [timestamp] => 2024-11-21 08:05:12
    [data] => Array
        (
            [transaction_code] => 
            [amount] => 5000
            [status] => paid
        )

)

2024-11-21 08:05:49 Reading webhook: Array
(
    [id] => 673ee9b84ed32
    [timestamp] => 2024-11-21 08:05:12
    [data] => Array
        (
            [transaction_code] => 
            [amount] => 5000
            [status] => paid
        )

)

2024-11-21 08:05:49 Reading webhook: Array
(
    [id] => 673ee9b84ed32
    [timestamp] => 2024-11-21 08:05:12
    [data] => Array
        (
            [transaction_code] => 
            [amount] => 5000
            [status] => paid
        )

)

2024-11-21 08:05:54 Reading webhook: Array
(
    [id] => 673ee9b84ed32
    [timestamp] => 2024-11-21 08:05:12
    [data] => Array
        (
            [transaction_code] => 
            [amount] => 5000
            [status] => paid
        )

)

2024-11-21 08:05:54 Reading webhook: Array
(
    [id] => 673ee9b84ed32
    [timestamp] => 2024-11-21 08:05:12
    [data] => Array
        (
            [transaction_code] => 
            [amount] => 5000
            [status] => paid
        )

)

2024-11-21 08:05:59 Reading webhook: Array
(
    [id] => 673ee9e409379
    [timestamp] => 2024-11-21 08:05:56
    [data] => Array
        (
            [transaction_code] => 
            [amount] => 5000
            [status] => paid
        )

)

2024-11-21 08:05:59 Reading webhook: Array
(
    [id] => 673ee9e409379
    [timestamp] => 2024-11-21 08:05:56
    [data] => Array
        (
            [transaction_code] => 
            [amount] => 5000
            [status] => paid
        )

)

2024-11-21 08:13:19 Reading webhook: Array
(
    [id] => 673ee9e409379
    [timestamp] => 2024-11-21 08:05:56
    [data] => Array
        (
            [transaction_code] => 
            [amount] => 5000
            [status] => paid
        )

)

2024-11-21 08:13:19 Reading webhook: Array
(
    [id] => 673ee9e409379
    [timestamp] => 2024-11-21 08:05:56
    [data] => Array
        (
            [transaction_code] => 
            [amount] => 5000
            [status] => paid
        )

)

2024-11-21 08:13:24 Reading webhook: Array
(
    [id] => 673ee9e409379
    [timestamp] => 2024-11-21 08:05:56
    [data] => Array
        (
            [transaction_code] => 
            [amount] => 5000
            [status] => paid
        )

)

2024-11-21 08:13:24 Reading webhook: Array
(
    [id] => 673ee9e409379
    [timestamp] => 2024-11-21 08:05:56
    [data] => Array
        (
            [transaction_code] => 
            [amount] => 5000
            [status] => paid
        )

)

2024-11-21 08:13:29 Reading webhook: Array
(
    [id] => 673ee9e409379
    [timestamp] => 2024-11-21 08:05:56
    [data] => Array
        (
            [transaction_code] => 
            [amount] => 5000
            [status] => paid
        )

)

2024-11-21 08:13:29 Reading webhook: Array
(
    [id] => 673ee9e409379
    [timestamp] => 2024-11-21 08:05:56
    [data] => Array
        (
            [transaction_code] => 
            [amount] => 5000
            [status] => paid
        )

)

2024-11-21 08:13:34 Reading webhook: Array
(
    [id] => 673ee9e409379
    [timestamp] => 2024-11-21 08:05:56
    [data] => Array
        (
            [transaction_code] => 
            [amount] => 5000
            [status] => paid
        )

)

2024-11-21 08:13:34 Reading webhook: Array
(
    [id] => 673ee9e409379
    [timestamp] => 2024-11-21 08:05:56
    [data] => Array
        (
            [transaction_code] => 
            [amount] => 5000
            [status] => paid
        )

)

2024-11-21 08:13:39 Reading webhook: Array
(
    [id] => 673ee9e409379
    [timestamp] => 2024-11-21 08:05:56
    [data] => Array
        (
            [transaction_code] => 
            [amount] => 5000
            [status] => paid
        )

)

2024-11-21 08:13:39 Reading webhook: Array
(
    [id] => 673ee9e409379
    [timestamp] => 2024-11-21 08:05:56
    [data] => Array
        (
            [transaction_code] => 
            [amount] => 5000
            [status] => paid
        )

)

2024-11-21 08:13:44 Reading webhook: Array
(
    [id] => 673eebb434609
    [timestamp] => 2024-11-21 08:13:40
    [data] => Array
        (
            [transaction_code] => 
            [amount] => 5000
            [status] => paid
        )

)

2024-11-21 08:13:44 Reading webhook: Array
(
    [id] => 673eebb434609
    [timestamp] => 2024-11-21 08:13:40
    [data] => Array
        (
            [transaction_code] => 
            [amount] => 5000
            [status] => paid
        )

)

2024-11-21 08:16:32 Reading webhook: Array
(
    [id] => 673eebb434609
    [timestamp] => 2024-11-21 08:13:40
    [data] => Array
        (
            [transaction_code] => 
            [amount] => 5000
            [status] => paid
        )

)

2024-11-21 08:16:32 Reading webhook: Array
(
    [id] => 673eebb434609
    [timestamp] => 2024-11-21 08:13:40
    [data] => Array
        (
            [transaction_code] => 
            [amount] => 5000
            [status] => paid
        )

)

2024-11-21 08:16:38 Reading webhook: Array
(
    [id] => 673eebb434609
    [timestamp] => 2024-11-21 08:13:40
    [data] => Array
        (
            [transaction_code] => 
            [amount] => 5000
            [status] => paid
        )

)

2024-11-21 08:16:38 Reading webhook: Array
(
    [id] => 673eebb434609
    [timestamp] => 2024-11-21 08:13:40
    [data] => Array
        (
            [transaction_code] => 
            [amount] => 5000
            [status] => paid
        )

)

2024-11-21 08:16:42 Reading webhook: Array
(
    [id] => 673eebb434609
    [timestamp] => 2024-11-21 08:13:40
    [data] => Array
        (
            [transaction_code] => 
            [amount] => 5000
            [status] => paid
        )

)

2024-11-21 08:16:42 Reading webhook: Array
(
    [id] => 673eebb434609
    [timestamp] => 2024-11-21 08:13:40
    [data] => Array
        (
            [transaction_code] => 
            [amount] => 5000
            [status] => paid
        )

)

2024-11-21 08:16:47 Reading webhook: Array
(
    [id] => 673eebb434609
    [timestamp] => 2024-11-21 08:13:40
    [data] => Array
        (
            [transaction_code] => 
            [amount] => 5000
            [status] => paid
        )

)

2024-11-21 08:16:47 Reading webhook: Array
(
    [id] => 673eebb434609
    [timestamp] => 2024-11-21 08:13:40
    [data] => Array
        (
            [transaction_code] => 
            [amount] => 5000
            [status] => paid
        )

)

2024-11-21 08:16:52 Reading webhook: Array
(
    [id] => 673eec736e5a0
    [timestamp] => 2024-11-21 08:16:51
    [data] => Array
        (
            [transaction_code] => 
            [amount] => 5000
            [status] => paid
        )

)

2024-11-21 08:16:52 Reading webhook: Array
(
    [id] => 673eec736e5a0
    [timestamp] => 2024-11-21 08:16:51
    [data] => Array
        (
            [transaction_code] => 
            [amount] => 5000
            [status] => paid
        )

)

2024-11-21 08:16:57 Reading webhook: Array
(
    [id] => 673eec736e5a0
    [timestamp] => 2024-11-21 08:16:51
    [data] => Array
        (
            [transaction_code] => 
            [amount] => 5000
            [status] => paid
        )

)

2024-11-21 08:17:02 Reading webhook: Array
(
    [id] => 673eec736e5a0
    [timestamp] => 2024-11-21 08:16:51
    [data] => Array
        (
            [transaction_code] => 
            [amount] => 5000
            [status] => paid
        )

)

2024-11-21 08:17:07 Reading webhook: Array
(
    [id] => 673eec736e5a0
    [timestamp] => 2024-11-21 08:16:51
    [data] => Array
        (
            [transaction_code] => 
            [amount] => 5000
            [status] => paid
        )

)

2024-11-21 08:17:12 Reading webhook: Array
(
    [id] => 673eec736e5a0
    [timestamp] => 2024-11-21 08:16:51
    [data] => Array
        (
            [transaction_code] => 
            [amount] => 5000
            [status] => paid
        )

)

2024-11-21 08:17:17 Reading webhook: Array
(
    [id] => 673eec736e5a0
    [timestamp] => 2024-11-21 08:16:51
    [data] => Array
        (
            [transaction_code] => 
            [amount] => 5000
            [status] => paid
        )

)

2024-11-21 08:17:22 Reading webhook: Array
(
    [id] => 673eec736e5a0
    [timestamp] => 2024-11-21 08:16:51
    [data] => Array
        (
            [transaction_code] => 
            [amount] => 5000
            [status] => paid
        )

)

2024-11-21 08:17:28 Reading webhook: Array
(
    [id] => 673eec736e5a0
    [timestamp] => 2024-11-21 08:16:51
    [data] => Array
        (
            [transaction_code] => 
            [amount] => 5000
            [status] => paid
        )

)

2024-11-21 08:17:32 Reading webhook: Array
(
    [id] => 673eec736e5a0
    [timestamp] => 2024-11-21 08:16:51
    [data] => Array
        (
            [transaction_code] => 
            [amount] => 5000
            [status] => paid
        )

)

2024-11-21 08:17:37 Reading webhook: Array
(
    [id] => 673eec736e5a0
    [timestamp] => 2024-11-21 08:16:51
    [data] => Array
        (
            [transaction_code] => 
            [amount] => 5000
            [status] => paid
        )

)

2024-11-21 08:17:57 Reading webhook: Array
(
    [id] => 673eec736e5a0
    [timestamp] => 2024-11-21 08:16:51
    [data] => Array
        (
            [transaction_code] => 
            [amount] => 5000
            [status] => paid
        )

)

2024-11-21 08:17:57 Reading webhook: Array
(
    [id] => 673eec736e5a0
    [timestamp] => 2024-11-21 08:16:51
    [data] => Array
        (
            [transaction_code] => 
            [amount] => 5000
            [status] => paid
        )

)

2024-11-21 08:18:02 Reading webhook: Array
(
    [id] => 673eec736e5a0
    [timestamp] => 2024-11-21 08:16:51
    [data] => Array
        (
            [transaction_code] => 
            [amount] => 5000
            [status] => paid
        )

)

2024-11-21 08:18:02 Reading webhook: Array
(
    [id] => 673eec736e5a0
    [timestamp] => 2024-11-21 08:16:51
    [data] => Array
        (
            [transaction_code] => 
            [amount] => 5000
            [status] => paid
        )

)

2024-11-21 08:18:07 Reading webhook: Array
(
    [id] => 673eec736e5a0
    [timestamp] => 2024-11-21 08:16:51
    [data] => Array
        (
            [transaction_code] => 
            [amount] => 5000
            [status] => paid
        )

)

2024-11-21 08:18:07 Reading webhook: Array
(
    [id] => 673eec736e5a0
    [timestamp] => 2024-11-21 08:16:51
    [data] => Array
        (
            [transaction_code] => 
            [amount] => 5000
            [status] => paid
        )

)

2024-11-21 08:18:12 Reading webhook: Array
(
    [id] => 673eec736e5a0
    [timestamp] => 2024-11-21 08:16:51
    [data] => Array
        (
            [transaction_code] => 
            [amount] => 5000
            [status] => paid
        )

)

2024-11-21 08:18:12 Reading webhook: Array
(
    [id] => 673eec736e5a0
    [timestamp] => 2024-11-21 08:16:51
    [data] => Array
        (
            [transaction_code] => 
            [amount] => 5000
            [status] => paid
        )

)

2024-11-21 08:18:18 Reading webhook: Array
(
    [id] => 673eec736e5a0
    [timestamp] => 2024-11-21 08:16:51
    [data] => Array
        (
            [transaction_code] => 
            [amount] => 5000
            [status] => paid
        )

)

2024-11-21 08:18:18 Reading webhook: Array
(
    [id] => 673eec736e5a0
    [timestamp] => 2024-11-21 08:16:51
    [data] => Array
        (
            [transaction_code] => 
            [amount] => 5000
            [status] => paid
        )

)

2024-11-21 08:18:22 Reading webhook: Array
(
    [id] => 673eec736e5a0
    [timestamp] => 2024-11-21 08:16:51
    [data] => Array
        (
            [transaction_code] => 
            [amount] => 5000
            [status] => paid
        )

)

2024-11-21 08:18:22 Reading webhook: Array
(
    [id] => 673eec736e5a0
    [timestamp] => 2024-11-21 08:16:51
    [data] => Array
        (
            [transaction_code] => 
            [amount] => 5000
            [status] => paid
        )

)

2024-11-21 08:18:27 Reading webhook: Array
(
    [id] => 673eeccf94ddc
    [timestamp] => 2024-11-21 08:18:23
    [data] => Array
        (
            [transaction_code] => 
            [amount] => 5000
            [status] => paid
        )

)

2024-11-21 08:18:27 Reading webhook: Array
(
    [id] => 673eeccf94ddc
    [timestamp] => 2024-11-21 08:18:23
    [data] => Array
        (
            [transaction_code] => 
            [amount] => 5000
            [status] => paid
        )

)

2024-11-21 08:18:32 Reading webhook: Array
(
    [id] => 673eeccf94ddc
    [timestamp] => 2024-11-21 08:18:23
    [data] => Array
        (
            [transaction_code] => 
            [amount] => 5000
            [status] => paid
        )

)

2024-11-21 08:18:37 Reading webhook: Array
(
    [id] => 673eeccf94ddc
    [timestamp] => 2024-11-21 08:18:23
    [data] => Array
        (
            [transaction_code] => 
            [amount] => 5000
            [status] => paid
        )

)

2024-11-21 08:18:43 Reading webhook: Array
(
    [id] => 673eeccf94ddc
    [timestamp] => 2024-11-21 08:18:23
    [data] => Array
        (
            [transaction_code] => 
            [amount] => 5000
            [status] => paid
        )

)

2024-11-21 08:18:48 Reading webhook: Array
(
    [id] => 673eeccf94ddc
    [timestamp] => 2024-11-21 08:18:23
    [data] => Array
        (
            [transaction_code] => 
            [amount] => 5000
            [status] => paid
        )

)

2024-11-21 08:18:53 Reading webhook: Array
(
    [id] => 673eeccf94ddc
    [timestamp] => 2024-11-21 08:18:23
    [data] => Array
        (
            [transaction_code] => 
            [amount] => 5000
            [status] => paid
        )

)

2024-11-21 08:18:58 Reading webhook: Array
(
    [id] => 673eeccf94ddc
    [timestamp] => 2024-11-21 08:18:23
    [data] => Array
        (
            [transaction_code] => 
            [amount] => 5000
            [status] => paid
        )

)

2024-11-21 08:19:02 Reading webhook: Array
(
    [id] => 673eeccf94ddc
    [timestamp] => 2024-11-21 08:18:23
    [data] => Array
        (
            [transaction_code] => 
            [amount] => 5000
            [status] => paid
        )

)

2024-11-21 08:19:07 Reading webhook: Array
(
    [id] => 673eeccf94ddc
    [timestamp] => 2024-11-21 08:18:23
    [data] => Array
        (
            [transaction_code] => 
            [amount] => 5000
            [status] => paid
        )

)

2024-11-21 08:19:12 Reading webhook: Array
(
    [id] => 673eeccf94ddc
    [timestamp] => 2024-11-21 08:18:23
    [data] => Array
        (
            [transaction_code] => 
            [amount] => 5000
            [status] => paid
        )

)

2024-11-21 08:21:34 Reading webhook: Array
(
    [id] => 673eeccf94ddc
    [timestamp] => 2024-11-21 08:18:23
    [data] => Array
        (
            [transaction_code] => 
            [amount] => 5000
            [status] => paid
        )

)

2024-11-21 08:21:34 Reading webhook: Array
(
    [id] => 673eeccf94ddc
    [timestamp] => 2024-11-21 08:18:23
    [data] => Array
        (
            [transaction_code] => 
            [amount] => 5000
            [status] => paid
        )

)

2024-11-21 08:21:39 Reading webhook: Array
(
    [id] => 673eeccf94ddc
    [timestamp] => 2024-11-21 08:18:23
    [data] => Array
        (
            [transaction_code] => 
            [amount] => 5000
            [status] => paid
        )

)

2024-11-21 08:21:39 Reading webhook: Array
(
    [id] => 673eeccf94ddc
    [timestamp] => 2024-11-21 08:18:23
    [data] => Array
        (
            [transaction_code] => 
            [amount] => 5000
            [status] => paid
        )

)

2024-11-21 08:21:45 Reading webhook: Array
(
    [id] => 673eeccf94ddc
    [timestamp] => 2024-11-21 08:18:23
    [data] => Array
        (
            [transaction_code] => 
            [amount] => 5000
            [status] => paid
        )

)

2024-11-21 08:21:45 Reading webhook: Array
(
    [id] => 673eeccf94ddc
    [timestamp] => 2024-11-21 08:18:23
    [data] => Array
        (
            [transaction_code] => 
            [amount] => 5000
            [status] => paid
        )

)

2024-11-21 08:21:49 Reading webhook: Array
(
    [id] => 673eeccf94ddc
    [timestamp] => 2024-11-21 08:18:23
    [data] => Array
        (
            [transaction_code] => 
            [amount] => 5000
            [status] => paid
        )

)

2024-11-21 08:21:49 Reading webhook: Array
(
    [id] => 673eeccf94ddc
    [timestamp] => 2024-11-21 08:18:23
    [data] => Array
        (
            [transaction_code] => 
            [amount] => 5000
            [status] => paid
        )

)

2024-11-21 08:21:54 Reading webhook: Array
(
    [id] => 673eeda0de6bb
    [timestamp] => 2024-11-21 08:21:52
    [data] => Array
        (
            [transaction_code] => 
            [amount] => 6000
            [status] => paid
        )

)

2024-11-21 08:21:54 Reading webhook: Array
(
    [id] => 673eeda0de6bb
    [timestamp] => 2024-11-21 08:21:52
    [data] => Array
        (
            [transaction_code] => 
            [amount] => 6000
            [status] => paid
        )

)

2024-11-21 08:21:59 Reading webhook: Array
(
    [id] => 673eeda0de6bb
    [timestamp] => 2024-11-21 08:21:52
    [data] => Array
        (
            [transaction_code] => 
            [amount] => 6000
            [status] => paid
        )

)

2024-11-21 08:22:04 Reading webhook: Array
(
    [id] => 673eeda0de6bb
    [timestamp] => 2024-11-21 08:21:52
    [data] => Array
        (
            [transaction_code] => 
            [amount] => 6000
            [status] => paid
        )

)

2024-11-21 08:22:09 Reading webhook: Array
(
    [id] => 673eeda0de6bb
    [timestamp] => 2024-11-21 08:21:52
    [data] => Array
        (
            [transaction_code] => 
            [amount] => 6000
            [status] => paid
        )

)

2024-11-21 08:22:14 Reading webhook: Array
(
    [id] => 673eeda0de6bb
    [timestamp] => 2024-11-21 08:21:52
    [data] => Array
        (
            [transaction_code] => 
            [amount] => 6000
            [status] => paid
        )

)

2024-11-21 08:24:06 Reading webhook: Array
(
    [id] => 673eeda0de6bb
    [timestamp] => 2024-11-21 08:21:52
    [data] => Array
        (
            [transaction_code] => 
            [amount] => 6000
            [status] => paid
        )

)

2024-11-21 08:24:06 Reading webhook: Array
(
    [id] => 673eeda0de6bb
    [timestamp] => 2024-11-21 08:21:52
    [data] => Array
        (
            [transaction_code] => 
            [amount] => 6000
            [status] => paid
        )

)

2024-11-21 08:24:11 Reading webhook: Array
(
    [id] => 673eeda0de6bb
    [timestamp] => 2024-11-21 08:21:52
    [data] => Array
        (
            [transaction_code] => 
            [amount] => 6000
            [status] => paid
        )

)

2024-11-21 08:24:11 Reading webhook: Array
(
    [id] => 673eeda0de6bb
    [timestamp] => 2024-11-21 08:21:52
    [data] => Array
        (
            [transaction_code] => 
            [amount] => 6000
            [status] => paid
        )

)

2024-11-21 08:24:16 Reading webhook: Array
(
    [id] => 673eeda0de6bb
    [timestamp] => 2024-11-21 08:21:52
    [data] => Array
        (
            [transaction_code] => 
            [amount] => 6000
            [status] => paid
        )

)

2024-11-21 08:24:16 Reading webhook: Array
(
    [id] => 673eeda0de6bb
    [timestamp] => 2024-11-21 08:21:52
    [data] => Array
        (
            [transaction_code] => 
            [amount] => 6000
            [status] => paid
        )

)

2024-11-21 08:24:21 Reading webhook: Array
(
    [id] => 673eeda0de6bb
    [timestamp] => 2024-11-21 08:21:52
    [data] => Array
        (
            [transaction_code] => 
            [amount] => 6000
            [status] => paid
        )

)

2024-11-21 08:24:21 Reading webhook: Array
(
    [id] => 673eeda0de6bb
    [timestamp] => 2024-11-21 08:21:52
    [data] => Array
        (
            [transaction_code] => 
            [amount] => 6000
            [status] => paid
        )

)

2024-11-21 08:24:27 Reading webhook: Array
(
    [id] => 673eee394ce34
    [timestamp] => 2024-11-21 08:24:25
    [data] => Array
        (
            [transaction_code] => 
            [amount] => 6000
            [status] => paid
        )

)

2024-11-21 08:24:27 Reading webhook: Array
(
    [id] => 673eee394ce34
    [timestamp] => 2024-11-21 08:24:25
    [data] => Array
        (
            [transaction_code] => 
            [amount] => 6000
            [status] => paid
        )

)

2024-11-21 08:24:56 Reading webhook: Array
(
    [id] => 673eee394ce34
    [timestamp] => 2024-11-21 08:24:25
    [data] => Array
        (
            [transaction_code] => 
            [amount] => 6000
            [status] => paid
        )

)

2024-11-21 08:24:56 Reading webhook: Array
(
    [id] => 673eee394ce34
    [timestamp] => 2024-11-21 08:24:25
    [data] => Array
        (
            [transaction_code] => 
            [amount] => 6000
            [status] => paid
        )

)

2024-11-21 08:25:02 Reading webhook: Array
(
    [id] => 673eee394ce34
    [timestamp] => 2024-11-21 08:24:25
    [data] => Array
        (
            [transaction_code] => 
            [amount] => 6000
            [status] => paid
        )

)

2024-11-21 08:25:02 Reading webhook: Array
(
    [id] => 673eee394ce34
    [timestamp] => 2024-11-21 08:24:25
    [data] => Array
        (
            [transaction_code] => 
            [amount] => 6000
            [status] => paid
        )

)

2024-11-21 08:25:07 Reading webhook: Array
(
    [id] => 673eee394ce34
    [timestamp] => 2024-11-21 08:24:25
    [data] => Array
        (
            [transaction_code] => 
            [amount] => 6000
            [status] => paid
        )

)

2024-11-21 08:25:07 Reading webhook: Array
(
    [id] => 673eee394ce34
    [timestamp] => 2024-11-21 08:24:25
    [data] => Array
        (
            [transaction_code] => 
            [amount] => 6000
            [status] => paid
        )

)

2024-11-21 08:25:11 Reading webhook: Array
(
    [id] => 673eee394ce34
    [timestamp] => 2024-11-21 08:24:25
    [data] => Array
        (
            [transaction_code] => 
            [amount] => 6000
            [status] => paid
        )

)

2024-11-21 08:25:11 Reading webhook: Array
(
    [id] => 673eee394ce34
    [timestamp] => 2024-11-21 08:24:25
    [data] => Array
        (
            [transaction_code] => 
            [amount] => 6000
            [status] => paid
        )

)

2024-11-21 08:25:16 Reading webhook: Array
(
    [id] => 673eee394ce34
    [timestamp] => 2024-11-21 08:24:25
    [data] => Array
        (
            [transaction_code] => 
            [amount] => 6000
            [status] => paid
        )

)

2024-11-21 08:25:16 Reading webhook: Array
(
    [id] => 673eee394ce34
    [timestamp] => 2024-11-21 08:24:25
    [data] => Array
        (
            [transaction_code] => 
            [amount] => 6000
            [status] => paid
        )

)

2024-11-21 08:25:21 Reading webhook: Array
(
    [id] => 673eee6dda5b7
    [timestamp] => 2024-11-21 08:25:17
    [data] => Array
        (
            [transaction_code] => 
            [amount] => 6000
            [status] => paid
        )

)

2024-11-21 08:25:21 Reading webhook: Array
(
    [id] => 673eee6dda5b7
    [timestamp] => 2024-11-21 08:25:17
    [data] => Array
        (
            [transaction_code] => 
            [amount] => 6000
            [status] => paid
        )

)

2024-11-21 08:25:26 Reading webhook: Array
(
    [id] => 673eee6dda5b7
    [timestamp] => 2024-11-21 08:25:17
    [data] => Array
        (
            [transaction_code] => 
            [amount] => 6000
            [status] => paid
        )

)

2024-11-21 08:25:31 Reading webhook: Array
(
    [id] => 673eee6dda5b7
    [timestamp] => 2024-11-21 08:25:17
    [data] => Array
        (
            [transaction_code] => 
            [amount] => 6000
            [status] => paid
        )

)

2024-11-21 08:25:36 Reading webhook: Array
(
    [id] => 673eee6dda5b7
    [timestamp] => 2024-11-21 08:25:17
    [data] => Array
        (
            [transaction_code] => 
            [amount] => 6000
            [status] => paid
        )

)

2024-11-21 08:25:41 Reading webhook: Array
(
    [id] => 673eee6dda5b7
    [timestamp] => 2024-11-21 08:25:17
    [data] => Array
        (
            [transaction_code] => 
            [amount] => 6000
            [status] => paid
        )

)

2024-11-21 08:25:47 Reading webhook: Array
(
    [id] => 673eee6dda5b7
    [timestamp] => 2024-11-21 08:25:17
    [data] => Array
        (
            [transaction_code] => 
            [amount] => 6000
            [status] => paid
        )

)

2024-11-21 08:25:52 Reading webhook: Array
(
    [id] => 673eee6dda5b7
    [timestamp] => 2024-11-21 08:25:17
    [data] => Array
        (
            [transaction_code] => 
            [amount] => 6000
            [status] => paid
        )

)

2024-11-21 08:25:57 Reading webhook: Array
(
    [id] => 673eee6dda5b7
    [timestamp] => 2024-11-21 08:25:17
    [data] => Array
        (
            [transaction_code] => 
            [amount] => 6000
            [status] => paid
        )

)

2024-11-21 08:26:01 Reading webhook: Array
(
    [id] => 673eee6dda5b7
    [timestamp] => 2024-11-21 08:25:17
    [data] => Array
        (
            [transaction_code] => 
            [amount] => 6000
            [status] => paid
        )

)

2024-11-21 08:26:06 Reading webhook: Array
(
    [id] => 673eee6dda5b7
    [timestamp] => 2024-11-21 08:25:17
    [data] => Array
        (
            [transaction_code] => 
            [amount] => 6000
            [status] => paid
        )

)

2024-11-22 16:03:46 Reading webhook: Array
(
    [id] => 6740aa773c67f
    [timestamp] => 2024-11-22 15:59:51
    [data] => Array
        (
            [transaction_code] => 
            [amount] => 200
            [status] => paid
        )

)

2024-11-22 20:20:55 Reading webhook: Array
(
    [id] => 6740aa773c67f
    [timestamp] => 2024-11-22 15:59:51
    [data] => Array
        (
            [transaction_code] => 
            [amount] => 200
            [status] => paid
        )

)

2024-11-25 20:27:08 Reading webhook: Array
(
    [id] => 6743517e47048
    [timestamp] => 2024-11-24 16:17:02
    [data] => Array
        (
            [transaction_code] => 
            [amount] => 100
            [status] => paid
        )

)

2024-11-25 20:27:39 Reading webhook: Array
(
    [id] => 6743517e47048
    [timestamp] => 2024-11-24 16:17:02
    [data] => Array
        (
            [transaction_code] => 
            [amount] => 100
            [status] => paid
        )

)

2024-11-25 20:27:44 Reading webhook: Array
(
    [id] => 6743517e47048
    [timestamp] => 2024-11-24 16:17:02
    [data] => Array
        (
            [transaction_code] => 
            [amount] => 100
            [status] => paid
        )

)

2024-11-25 20:27:49 Reading webhook: Array
(
    [id] => 6743517e47048
    [timestamp] => 2024-11-24 16:17:02
    [data] => Array
        (
            [transaction_code] => 
            [amount] => 100
            [status] => paid
        )

)

2024-11-25 20:27:54 Reading webhook: Array
(
    [id] => 6743517e47048
    [timestamp] => 2024-11-24 16:17:02
    [data] => Array
        (
            [transaction_code] => 
            [amount] => 100
            [status] => paid
        )

)

2024-11-25 20:27:59 Reading webhook: Array
(
    [id] => 6743517e47048
    [timestamp] => 2024-11-24 16:17:02
    [data] => Array
        (
            [transaction_code] => 
            [amount] => 100
            [status] => paid
        )

)

2024-11-25 20:28:04 Reading webhook: Array
(
    [id] => 6743517e47048
    [timestamp] => 2024-11-24 16:17:02
    [data] => Array
        (
            [transaction_code] => 
            [amount] => 100
            [status] => paid
        )

)

2024-11-25 20:28:10 Reading webhook: Array
(
    [id] => 6743517e47048
    [timestamp] => 2024-11-24 16:17:02
    [data] => Array
        (
            [transaction_code] => 
            [amount] => 100
            [status] => paid
        )

)

2024-11-25 20:28:14 Reading webhook: Array
(
    [id] => 6743517e47048
    [timestamp] => 2024-11-24 16:17:02
    [data] => Array
        (
            [transaction_code] => 
            [amount] => 100
            [status] => paid
        )

)

2024-11-25 20:28:19 Reading webhook: Array
(
    [id] => 6743517e47048
    [timestamp] => 2024-11-24 16:17:02
    [data] => Array
        (
            [transaction_code] => 
            [amount] => 100
            [status] => paid
        )

)

2024-11-25 20:28:24 Reading webhook: Array
(
    [id] => 6743517e47048
    [timestamp] => 2024-11-24 16:17:02
    [data] => Array
        (
            [transaction_code] => 
            [amount] => 100
            [status] => paid
        )

)

2024-11-25 20:28:29 Reading webhook: Array
(
    [id] => 6744ddeca1d4c
    [timestamp] => 2024-11-25 20:28:28
    [data] => Array
        (
            [transaction_code] => 
            [amount] => 16000
            [status] => paid
        )

)

2024-11-25 20:35:30 Reading webhook: Array
(
    [id] => 6744ddeca1d4c
    [timestamp] => 2024-11-25 20:28:28
    [data] => Array
        (
            [transaction_code] => 
            [amount] => 16000
            [status] => paid
        )

)

2024-11-25 20:35:35 Reading webhook: Array
(
    [id] => 6744ddeca1d4c
    [timestamp] => 2024-11-25 20:28:28
    [data] => Array
        (
            [transaction_code] => 
            [amount] => 16000
            [status] => paid
        )

)

2024-11-25 20:35:40 Reading webhook: Array
(
    [id] => 6744ddeca1d4c
    [timestamp] => 2024-11-25 20:28:28
    [data] => Array
        (
            [transaction_code] => 
            [amount] => 16000
            [status] => paid
        )

)

2024-11-25 20:35:45 Reading webhook: Array
(
    [id] => 6744ddeca1d4c
    [timestamp] => 2024-11-25 20:28:28
    [data] => Array
        (
            [transaction_code] => 
            [amount] => 16000
            [status] => paid
        )

)

2024-11-25 20:35:50 Reading webhook: Array
(
    [id] => 6744ddeca1d4c
    [timestamp] => 2024-11-25 20:28:28
    [data] => Array
        (
            [transaction_code] => 
            [amount] => 16000
            [status] => paid
        )

)

2024-11-25 20:35:55 Reading webhook: Array
(
    [id] => 6744ddeca1d4c
    [timestamp] => 2024-11-25 20:28:28
    [data] => Array
        (
            [transaction_code] => 
            [amount] => 16000
            [status] => paid
        )

)

2024-11-25 20:36:00 Reading webhook: Array
(
    [id] => 6744ddeca1d4c
    [timestamp] => 2024-11-25 20:28:28
    [data] => Array
        (
            [transaction_code] => 
            [amount] => 16000
            [status] => paid
        )

)

2024-11-25 20:36:05 Reading webhook: Array
(
    [id] => 6744dfb136ca8
    [timestamp] => 2024-11-25 20:36:01
    [data] => Array
        (
            [transaction_code] => 
            [amount] => 16000
            [status] => paid
        )

)

2024-11-25 20:38:58 Reading webhook: Array
(
    [id] => 6744dfb136ca8
    [timestamp] => 2024-11-25 20:36:01
    [data] => Array
        (
            [transaction_code] => 
            [amount] => 16000
            [status] => paid
        )

)

2024-11-25 20:39:03 Reading webhook: Array
(
    [id] => 6744dfb136ca8
    [timestamp] => 2024-11-25 20:36:01
    [data] => Array
        (
            [transaction_code] => 
            [amount] => 16000
            [status] => paid
        )

)

2024-11-25 20:39:08 Reading webhook: Array
(
    [id] => 6744dfb136ca8
    [timestamp] => 2024-11-25 20:36:01
    [data] => Array
        (
            [transaction_code] => 
            [amount] => 16000
            [status] => paid
        )

)

2024-11-25 20:39:13 Reading webhook: Array
(
    [id] => 6744dfb136ca8
    [timestamp] => 2024-11-25 20:36:01
    [data] => Array
        (
            [transaction_code] => 
            [amount] => 16000
            [status] => paid
        )

)

2024-11-25 20:39:18 Reading webhook: Array
(
    [id] => 6744dfb136ca8
    [timestamp] => 2024-11-25 20:36:01
    [data] => Array
        (
            [transaction_code] => 
            [amount] => 16000
            [status] => paid
        )

)

2024-11-25 20:39:23 Reading webhook: Array
(
    [id] => 6744dfb136ca8
    [timestamp] => 2024-11-25 20:36:01
    [data] => Array
        (
            [transaction_code] => 
            [amount] => 16000
            [status] => paid
        )

)

2024-11-25 20:39:28 Reading webhook: Array
(
    [id] => 6744dfb136ca8
    [timestamp] => 2024-11-25 20:36:01
    [data] => Array
        (
            [transaction_code] => 
            [amount] => 16000
            [status] => paid
        )

)

2024-11-25 20:39:33 Reading webhook: Array
(
    [id] => 6744dfb136ca8
    [timestamp] => 2024-11-25 20:36:01
    [data] => Array
        (
            [transaction_code] => 
            [amount] => 16000
            [status] => paid
        )

)

2024-11-25 20:39:38 Reading webhook: Array
(
    [id] => 6744dfb136ca8
    [timestamp] => 2024-11-25 20:36:01
    [data] => Array
        (
            [transaction_code] => 
            [amount] => 16000
            [status] => paid
        )

)

2024-11-25 20:39:43 Reading webhook: Array
(
    [id] => 6744e08baf292
    [timestamp] => 2024-11-25 20:39:39
    [data] => Array
        (
            [transaction_code] => 
            [amount] => 16000
            [status] => paid
        )

)

2024-11-25 20:42:47 Reading webhook: Array
(
    [id] => 6744e08baf292
    [timestamp] => 2024-11-25 20:39:39
    [data] => Array
        (
            [transaction_code] => 
            [amount] => 16000
            [status] => paid
        )

)

2024-11-25 20:42:52 Reading webhook: Array
(
    [id] => 6744e08baf292
    [timestamp] => 2024-11-25 20:39:39
    [data] => Array
        (
            [transaction_code] => 
            [amount] => 16000
            [status] => paid
        )

)

2024-11-25 20:42:57 Reading webhook: Array
(
    [id] => 6744e08baf292
    [timestamp] => 2024-11-25 20:39:39
    [data] => Array
        (
            [transaction_code] => 
            [amount] => 16000
            [status] => paid
        )

)

2024-11-25 20:43:02 Reading webhook: Array
(
    [id] => 6744e08baf292
    [timestamp] => 2024-11-25 20:39:39
    [data] => Array
        (
            [transaction_code] => 
            [amount] => 16000
            [status] => paid
        )

)

2024-11-25 20:43:07 Reading webhook: Array
(
    [id] => 6744e08baf292
    [timestamp] => 2024-11-25 20:39:39
    [data] => Array
        (
            [transaction_code] => 
            [amount] => 16000
            [status] => paid
        )

)

2024-11-25 20:43:12 Reading webhook: Array
(
    [id] => 6744e08baf292
    [timestamp] => 2024-11-25 20:39:39
    [data] => Array
        (
            [transaction_code] => 
            [amount] => 16000
            [status] => paid
        )

)

2024-11-25 20:43:17 Reading webhook: Array
(
    [id] => 6744e08baf292
    [timestamp] => 2024-11-25 20:39:39
    [data] => Array
        (
            [transaction_code] => 
            [amount] => 16000
            [status] => paid
        )

)

2024-11-25 20:43:22 Reading webhook: Array
(
    [id] => 6744e16678507
    [timestamp] => 2024-11-25 20:43:18
    [data] => Array
        (
            [transaction_code] => 
            [amount] => 16000
            [status] => paid
        )

)

2024-11-25 20:49:15 Reading webhook: Array
(
    [id] => 6744e16678507
    [timestamp] => 2024-11-25 20:43:18
    [data] => Array
        (
            [transaction_code] => 
            [amount] => 16000
            [status] => paid
        )

)

2024-11-25 20:49:20 Reading webhook: Array
(
    [id] => 6744e16678507
    [timestamp] => 2024-11-25 20:43:18
    [data] => Array
        (
            [transaction_code] => 
            [amount] => 16000
            [status] => paid
        )

)

2024-11-25 20:49:25 Reading webhook: Array
(
    [id] => 6744e16678507
    [timestamp] => 2024-11-25 20:43:18
    [data] => Array
        (
            [transaction_code] => 
            [amount] => 16000
            [status] => paid
        )

)

2024-11-25 20:49:30 Reading webhook: Array
(
    [id] => 6744e16678507
    [timestamp] => 2024-11-25 20:43:18
    [data] => Array
        (
            [transaction_code] => 
            [amount] => 16000
            [status] => paid
        )

)

2024-11-25 20:49:35 Reading webhook: Array
(
    [id] => 6744e16678507
    [timestamp] => 2024-11-25 20:43:18
    [data] => Array
        (
            [transaction_code] => 
            [amount] => 16000
            [status] => paid
        )

)

2024-11-25 20:49:40 Reading webhook: Array
(
    [id] => 6744e16678507
    [timestamp] => 2024-11-25 20:43:18
    [data] => Array
        (
            [transaction_code] => 
            [amount] => 16000
            [status] => paid
        )

)

2024-11-25 20:49:45 Reading webhook: Array
(
    [id] => 6744e16678507
    [timestamp] => 2024-11-25 20:43:18
    [data] => Array
        (
            [transaction_code] => 
            [amount] => 16000
            [status] => paid
        )

)

2024-11-25 20:49:49 Reading webhook: Array
(
    [id] => 6744e16678507
    [timestamp] => 2024-11-25 20:43:18
    [data] => Array
        (
            [transaction_code] => 
            [amount] => 16000
            [status] => paid
        )

)

2024-11-25 20:49:54 Reading webhook: Array
(
    [id] => 6744e2ef2d65f
    [timestamp] => 2024-11-25 20:49:51
    [data] => Array
        (
            [transaction_code] => 
            [amount] => 16000
            [status] => paid
        )

)

2024-11-25 20:52:50 Reading webhook: Array
(
    [id] => 6744e2ef2d65f
    [timestamp] => 2024-11-25 20:49:51
    [data] => Array
        (
            [transaction_code] => 
            [amount] => 16000
            [status] => paid
        )

)

2024-11-25 20:52:55 Reading webhook: Array
(
    [id] => 6744e2ef2d65f
    [timestamp] => 2024-11-25 20:49:51
    [data] => Array
        (
            [transaction_code] => 
            [amount] => 16000
            [status] => paid
        )

)

2024-11-25 20:53:00 Reading webhook: Array
(
    [id] => 6744e2ef2d65f
    [timestamp] => 2024-11-25 20:49:51
    [data] => Array
        (
            [transaction_code] => 
            [amount] => 16000
            [status] => paid
        )

)

2024-11-25 20:53:05 Reading webhook: Array
(
    [id] => 6744e2ef2d65f
    [timestamp] => 2024-11-25 20:49:51
    [data] => Array
        (
            [transaction_code] => 
            [amount] => 16000
            [status] => paid
        )

)

2024-11-25 20:53:10 Reading webhook: Array
(
    [id] => 6744e2ef2d65f
    [timestamp] => 2024-11-25 20:49:51
    [data] => Array
        (
            [transaction_code] => 
            [amount] => 16000
            [status] => paid
        )

)

2024-11-25 20:53:15 Reading webhook: Array
(
    [id] => 6744e2ef2d65f
    [timestamp] => 2024-11-25 20:49:51
    [data] => Array
        (
            [transaction_code] => 
            [amount] => 16000
            [status] => paid
        )

)

2024-11-25 20:53:20 Reading webhook: Array
(
    [id] => 6744e2ef2d65f
    [timestamp] => 2024-11-25 20:49:51
    [data] => Array
        (
            [transaction_code] => 
            [amount] => 16000
            [status] => paid
        )

)

2024-11-25 20:53:25 Reading webhook: Array
(
    [id] => 6744e2ef2d65f
    [timestamp] => 2024-11-25 20:49:51
    [data] => Array
        (
            [transaction_code] => 
            [amount] => 16000
            [status] => paid
        )

)

2024-11-25 20:53:30 Reading webhook: Array
(
    [id] => 6744e2ef2d65f
    [timestamp] => 2024-11-25 20:49:51
    [data] => Array
        (
            [transaction_code] => 
            [amount] => 16000
            [status] => paid
        )

)

2024-11-25 20:53:35 Reading webhook: Array
(
    [id] => 6744e3cd29f3b
    [timestamp] => 2024-11-25 20:53:33
    [data] => Array
        (
            [transaction_code] => 
            [amount] => 16000
            [status] => paid
        )

)

2024-11-25 20:57:47 Reading webhook: Array
(
    [id] => 6744e3cd29f3b
    [timestamp] => 2024-11-25 20:53:33
    [data] => Array
        (
            [transaction_code] => 
            [amount] => 16000
            [status] => paid
        )

)

2024-11-25 20:57:52 Reading webhook: Array
(
    [id] => 6744e3cd29f3b
    [timestamp] => 2024-11-25 20:53:33
    [data] => Array
        (
            [transaction_code] => 
            [amount] => 16000
            [status] => paid
        )

)

2024-11-25 20:57:57 Reading webhook: Array
(
    [id] => 6744e3cd29f3b
    [timestamp] => 2024-11-25 20:53:33
    [data] => Array
        (
            [transaction_code] => 
            [amount] => 16000
            [status] => paid
        )

)

2024-11-25 20:58:02 Reading webhook: Array
(
    [id] => 6744e3cd29f3b
    [timestamp] => 2024-11-25 20:53:33
    [data] => Array
        (
            [transaction_code] => 
            [amount] => 16000
            [status] => paid
        )

)

2024-11-25 20:58:07 Reading webhook: Array
(
    [id] => 6744e3cd29f3b
    [timestamp] => 2024-11-25 20:53:33
    [data] => Array
        (
            [transaction_code] => 
            [amount] => 16000
            [status] => paid
        )

)

2024-11-25 20:58:12 Reading webhook: Array
(
    [id] => 6744e3cd29f3b
    [timestamp] => 2024-11-25 20:53:33
    [data] => Array
        (
            [transaction_code] => 
            [amount] => 16000
            [status] => paid
        )

)

2024-11-25 20:58:17 Reading webhook: Array
(
    [id] => 6744e3cd29f3b
    [timestamp] => 2024-11-25 20:53:33
    [data] => Array
        (
            [transaction_code] => 
            [amount] => 16000
            [status] => paid
        )

)

2024-11-25 20:58:21 Reading webhook: Array
(
    [id] => 6744e4eadb72a
    [timestamp] => 2024-11-25 20:58:18
    [data] => Array
        (
            [transaction_code] => 
            [amount] => 16000
            [status] => paid
        )

)

2024-11-29 23:34:49 Reading webhook: Array
(
    [id] => 6744e4eadb72a
    [timestamp] => 2024-11-25 20:58:18
    [data] => Array
        (
            [transaction_code] => 
            [amount] => 16000
            [status] => paid
        )

)

2024-11-29 23:55:23 Reading webhook: Array
(
    [id] => 6744e4eadb72a
    [timestamp] => 2024-11-25 20:58:18
    [data] => Array
        (
            [transaction_code] => 
            [amount] => 16000
            [status] => paid
        )

)

2024-11-30 00:46:37 Reading webhook: Array
(
    [id] => 6744e4eadb72a
    [timestamp] => 2024-11-25 20:58:18
    [data] => Array
        (
            [transaction_code] => 
            [amount] => 16000
            [status] => paid
        )

)

2024-11-30 01:10:25 Reading webhook: Array
(
    [id] => 6744e4eadb72a
    [timestamp] => 2024-11-25 20:58:18
    [data] => Array
        (
            [transaction_code] => 
            [amount] => 16000
            [status] => paid
        )

)

2024-11-30 06:05:17 Reading webhook: Array
(
    [id] => 6744e4eadb72a
    [timestamp] => 2024-11-25 20:58:18
    [data] => Array
        (
            [transaction_code] => 
            [amount] => 16000
            [status] => paid
        )

)

2024-12-03 18:03:35 Reading webhook: Array
(
    [id] => 6744e4eadb72a
    [timestamp] => 2024-11-25 20:58:18
    [data] => Array
        (
            [transaction_code] => 
            [amount] => 16000
            [status] => paid
        )

)

2024-12-03 21:16:36 Reading webhook: Array
(
    [id] => 6744e4eadb72a
    [timestamp] => 2024-11-25 20:58:18
    [data] => Array
        (
            [transaction_code] => 
            [amount] => 16000
            [status] => paid
        )

)

2024-12-04 17:55:41 Reading webhook: Array
(
    [id] => 6744e4eadb72a
    [timestamp] => 2024-11-25 20:58:18
    [data] => Array
        (
            [transaction_code] => 
            [amount] => 16000
            [status] => paid
        )

)

